<?xml version="1.0" encoding="UTF-8"?>
<!-- Generated by org.testng.reporters.JUnitReportReporter -->
<testsuite hostname="DESKTOP-E0AAAR0" failures="0" tests="1" name="com.orangehrm.test.HomePageTest" time="1.818" errors="0" timestamp="2024-01-23T19:41:24 CST" skipped="0">
  <testcase classname="com.orangehrm.test.HomePageTest" name="logout" time="1.818"/>
</testsuite> <!-- com.orangehrm.test.HomePageTest -->
