<?xml version="1.0" encoding="UTF-8"?>
<!-- Generated by org.testng.reporters.JUnitReportReporter -->
<testsuite hostname="DESKTOP-E0AAAR0" failures="0" tests="1" name="com.orangehrm.test.LoginTest" time="4.253" errors="0" timestamp="2024-01-23T19:41:24 CST" skipped="0">
  <testcase classname="com.orangehrm.test.LoginTest" name="loginWithValidUsernameAndPassword" time="4.253"/>
</testsuite> <!-- com.orangehrm.test.LoginTest -->
