<?xml version="1.0" encoding="UTF-8"?>
<!-- Generated by org.testng.reporters.JUnitReportReporter -->
<testsuite hostname="DESKTOP-E0AAAR0" failures="0" tests="3" name="com.test.OrangeHRMTest" time="15.030" errors="0" timestamp="2024-01-18T21:01:00 CST" skipped="0">
  <testcase classname="com.test.OrangeHRMTest" name="testLogout" time="0.733"/>
  <testcase classname="com.test.OrangeHRMTest" name="testAdmin" time="3.116"/>
  <testcase classname="com.test.OrangeHRMTest" name="login" time="11.181"/>
</testsuite> <!-- com.test.OrangeHRMTest -->
